GAS LISTING /tmp/ccjldq8g.s 			page 1


   1              		.file	"main.cpp"
   2              		.option pic
   3              		.option norelax
   4              		.text
   5              	.Ltext0:
   6              		.align	2
   7              		.globl	main
   9              	main:
  10              	.LFB0:
  11              		.file 1 "src/main.cpp"
   1:src/main.cpp  **** //
   2:src/main.cpp  **** // Created by bogdan on 10.7.22..
   3:src/main.cpp  **** //
   4:src/main.cpp  **** 
   5:src/main.cpp  **** #include "../test/MemoryAllocatorTest.hpp"
   6:src/main.cpp  **** 
   7:src/main.cpp  **** 
   8:src/main.cpp  **** 
   9:src/main.cpp  **** 
  10:src/main.cpp  **** 
  11:src/main.cpp  **** int main(){
  12              		.loc 1 11 11
  13              		.cfi_startproc
  14 0000 130101FF 		addi	sp,sp,-16
  15              		.cfi_def_cfa_offset 16
  16 0004 23341100 		sd	ra,8(sp)
  17 0008 23308100 		sd	s0,0(sp)
  18              		.cfi_offset 1, -8
  19              		.cfi_offset 8, -16
  20 000c 13040101 		addi	s0,sp,16
  21              		.cfi_def_cfa 8, 0
  12:src/main.cpp  **** 
  13:src/main.cpp  ****     MemoryAllocator& instance = MemoryAllocator::getInstance();
  22              		.loc 1 13 5
  23              		.loc 1 13 62 is_stmt 0
  24 0010 97000000 		call	_ZN15MemoryAllocator11getInstanceEv@plt
  24      E7800000 
  25              	.LVL0:
  14:src/main.cpp  **** 
  15:src/main.cpp  ****     stressTesting(instance);
  26              		.loc 1 15 5 is_stmt 1
  27              		.loc 1 15 18 is_stmt 0
  28 0018 97000000 		call	_Z13stressTestingR15MemoryAllocator@plt
  28      E7800000 
  29              	.LVL1:
  16:src/main.cpp  **** 
  17:src/main.cpp  ****     return 0;
  30              		.loc 1 17 5 is_stmt 1
  18:src/main.cpp  **** }...
  31              		.loc 1 18 1 is_stmt 0
  32 0020 13050000 		li	a0,0
  33 0024 83308100 		ld	ra,8(sp)
  34              		.cfi_restore 1
  35 0028 03340100 		ld	s0,0(sp)
  36              		.cfi_restore 8
  37              		.cfi_def_cfa 2, 16
  38 002c 13010101 		addi	sp,sp,16
GAS LISTING /tmp/ccjldq8g.s 			page 2


  39              		.cfi_def_cfa_offset 0
  40 0030 67800000 		jr	ra
  41              		.cfi_endproc
  42              	.LFE0:
  44              	.Letext0:
  45              		.file 2 "src/../test/../h/../lib/hw.h"
  46              		.file 3 "src/../test/../h/MemoryAllocator.hpp"
  47              		.file 4 "src/../test/MemoryAllocatorTest.hpp"
GAS LISTING /tmp/ccjldq8g.s 			page 3


DEFINED SYMBOLS
                            *ABS*:0000000000000000 main.cpp
     /tmp/ccjldq8g.s:9      .text:0000000000000000 main
     /tmp/ccjldq8g.s:13     .text:0000000000000000 .L0 
     /tmp/ccjldq8g.s:14     .text:0000000000000000 .L0 
     /tmp/ccjldq8g.s:15     .text:0000000000000004 .L0 
     /tmp/ccjldq8g.s:18     .text:000000000000000c .L0 
     /tmp/ccjldq8g.s:19     .text:000000000000000c .L0 
     /tmp/ccjldq8g.s:21     .text:0000000000000010 .L0 
     /tmp/ccjldq8g.s:23     .text:0000000000000010 .L0 
     /tmp/ccjldq8g.s:24     .text:0000000000000010 .L0 
     /tmp/ccjldq8g.s:27     .text:0000000000000018 .L0 
     /tmp/ccjldq8g.s:28     .text:0000000000000018 .L0 
     /tmp/ccjldq8g.s:31     .text:0000000000000020 .L0 
     /tmp/ccjldq8g.s:32     .text:0000000000000020 .L0 
     /tmp/ccjldq8g.s:34     .text:0000000000000028 .L0 
     /tmp/ccjldq8g.s:36     .text:000000000000002c .L0 
     /tmp/ccjldq8g.s:37     .text:000000000000002c .L0 
     /tmp/ccjldq8g.s:39     .text:0000000000000030 .L0 
     /tmp/ccjldq8g.s:41     .text:0000000000000034 .L0 
     /tmp/ccjldq8g.s:48     .text:0000000000000034 .L0 
     /tmp/ccjldq8g.s:397    .debug_abbrev:0000000000000000 .Ldebug_abbrev0
     /tmp/ccjldq8g.s:905    .debug_str:0000000000000142 .LASF34
     /tmp/ccjldq8g.s:919    .debug_str:0000000000000288 .LASF35
     /tmp/ccjldq8g.s:881    .debug_str:0000000000000044 .LASF36
     /tmp/ccjldq8g.s:5      .text:0000000000000000 .Ltext0
     /tmp/ccjldq8g.s:44     .text:0000000000000034 .Letext0
     /tmp/ccjldq8g.s:867    .debug_line:0000000000000000 .Ldebug_line0
     /tmp/ccjldq8g.s:921    .debug_str:0000000000000295 .LASF0
     /tmp/ccjldq8g.s:897    .debug_str:00000000000000f7 .LASF1
     /tmp/ccjldq8g.s:889    .debug_str:000000000000009f .LASF2
     /tmp/ccjldq8g.s:879    .debug_str:000000000000003d .LASF4
     /tmp/ccjldq8g.s:895    .debug_str:00000000000000e5 .LASF3
     /tmp/ccjldq8g.s:873    .debug_str:0000000000000023 .LASF5
     /tmp/ccjldq8g.s:869    .debug_str:0000000000000000 .LASF6
     /tmp/ccjldq8g.s:885    .debug_str:000000000000007d .LASF7
     /tmp/ccjldq8g.s:927    .debug_str:00000000000002cf .LASF8
     /tmp/ccjldq8g.s:877    .debug_str:000000000000002f .LASF9
     /tmp/ccjldq8g.s:957    .debug_str:00000000000003b7 .LASF10
     /tmp/ccjldq8g.s:887    .debug_str:0000000000000090 .LASF11
     /tmp/ccjldq8g.s:947    .debug_str:0000000000000388 .LASF12
     /tmp/ccjldq8g.s:935    .debug_str:000000000000031c .LASF13
     /tmp/ccjldq8g.s:901    .debug_str:000000000000012b .LASF14
     /tmp/ccjldq8g.s:883    .debug_str:0000000000000067 .LASF15
     /tmp/ccjldq8g.s:929    .debug_str:00000000000002df .LASF16
     /tmp/ccjldq8g.s:871    .debug_str:0000000000000013 .LASF20
     /tmp/ccjldq8g.s:941    .debug_str:000000000000036b .LASF37
     /tmp/ccjldq8g.s:875    .debug_str:000000000000002a .LASF17
     /tmp/ccjldq8g.s:953    .debug_str:00000000000003a7 .LASF18
     /tmp/ccjldq8g.s:951    .debug_str:00000000000003a2 .LASF19
     /tmp/ccjldq8g.s:893    .debug_str:00000000000000c9 .LASF21
     /tmp/ccjldq8g.s:937    .debug_str:000000000000032c .LASF22
     /tmp/ccjldq8g.s:949    .debug_str:0000000000000398 .LASF23
     /tmp/ccjldq8g.s:891    .debug_str:00000000000000ad .LASF24
     /tmp/ccjldq8g.s:933    .debug_str:0000000000000301 .LASF25
     /tmp/ccjldq8g.s:931    .debug_str:00000000000002f5 .LASF38
     /tmp/ccjldq8g.s:925    .debug_str:00000000000002ab .LASF39
GAS LISTING /tmp/ccjldq8g.s 			page 4


     /tmp/ccjldq8g.s:911    .debug_str:0000000000000224 .LASF26
     /tmp/ccjldq8g.s:899    .debug_str:000000000000010a .LASF27
     /tmp/ccjldq8g.s:955    .debug_str:00000000000003ac .LASF28
     /tmp/ccjldq8g.s:939    .debug_str:0000000000000347 .LASF29
     /tmp/ccjldq8g.s:913    .debug_str:000000000000022e .LASF30
     /tmp/ccjldq8g.s:943    .debug_str:0000000000000375 .LASF31
     /tmp/ccjldq8g.s:909    .debug_str:000000000000020b .LASF40
     /tmp/ccjldq8g.s:903    .debug_str:0000000000000137 .LASF41
     /tmp/ccjldq8g.s:917    .debug_str:0000000000000257 .LASF42
     /tmp/ccjldq8g.s:907    .debug_str:0000000000000206 .LASF32
     /tmp/ccjldq8g.s:10     .text:0000000000000000 .LFB0
     /tmp/ccjldq8g.s:42     .text:0000000000000034 .LFE0
     /tmp/ccjldq8g.s:923    .debug_str:00000000000002a2 .LASF33
     /tmp/ccjldq8g.s:847    .debug_loc:0000000000000000 .LLST0
     /tmp/ccjldq8g.s:25     .text:0000000000000018 .LVL0
     /tmp/ccjldq8g.s:29     .text:0000000000000020 .LVL1
     /tmp/ccjldq8g.s:915    .debug_str:0000000000000233 .LASF43
     /tmp/ccjldq8g.s:945    .debug_str:000000000000037a .LASF44
     /tmp/ccjldq8g.s:49     .debug_info:0000000000000000 .Ldebug_info0

UNDEFINED SYMBOLS
_ZN15MemoryAllocator11getInstanceEv
_Z13stressTestingR15MemoryAllocator
